<?xml version="1.0" encoding="UTF-8"?>
<!-- Generated by org.testng.reporters.JUnitReportReporter -->
<testsuite hostname="Lalit-Laptop" failures="0" tests="1" name="onlineShopping.Amazon" time="11.891" errors="0" timestamp="2023-07-26T08:59:40 IST" skipped="0">
  <testcase classname="onlineShopping.Amazon" name="f" time="11.891"/>
  <system-out>
    <![CDATA[Opening Amazon]]>
  </system-out>
</testsuite> <!-- onlineShopping.Amazon -->
